c:\fall2015\9201_2015\lectures\week8\drawingacompositedshape\example\debug\vc120.pdb
c:\fall2015\9201_2015\lectures\week8\drawingacompositedshape\example\debug\vc120.idb
c:\fall2015\9201_2015\lectures\week8\drawingacompositedshape\example\debug\directx.obj
c:\fall2015\9201_2015\lectures\week8\drawingacompositedshape\example\debug\font.obj
c:\fall2015\9201_2015\lectures\week8\drawingacompositedshape\example\debug\indexedprimitive.obj
c:\fall2015\9201_2015\lectures\week8\drawingacompositedshape\example\debug\myproject.obj
c:\fall2015\9201_2015\lectures\week8\drawingacompositedshape\example\debug\primitive.obj
c:\fall2015\9201_2015\lectures\week8\drawingacompositedshape\example\debug\sprite.obj
c:\fall2015\9201_2015\lectures\week8\drawingacompositedshape\example\debug\texturetype.obj
c:\fall2015\9201_2015\lectures\week8\drawingacompositedshape\example\debug\timer.obj
c:\fall2016\btgd9201\lectures\week8\drawingacompositedshape\example\debug\vc140.pdb
c:\fall2016\btgd9201\lectures\week8\drawingacompositedshape\example\debug\vc140.idb
c:\fall2016\btgd9201\lectures\week8\drawingacompositedshape\example\debug\directx.obj
c:\fall2016\btgd9201\lectures\week8\drawingacompositedshape\example\debug\font.obj
c:\fall2016\btgd9201\lectures\week8\drawingacompositedshape\example\debug\indexedprimitive.obj
c:\fall2016\btgd9201\lectures\week8\drawingacompositedshape\example\debug\myproject.obj
c:\fall2016\btgd9201\lectures\week8\drawingacompositedshape\example\debug\primitive.obj
c:\fall2016\btgd9201\lectures\week8\drawingacompositedshape\example\debug\sprite.obj
c:\fall2016\btgd9201\lectures\week8\drawingacompositedshape\example\debug\texturetype.obj
c:\fall2016\btgd9201\lectures\week8\drawingacompositedshape\example\debug\timer.obj
c:\fall2015\9201_2015\lectures\week8\drawingacompositedshape\debug\example.ilk
c:\fall2015\9201_2015\lectures\week8\drawingacompositedshape\debug\example.exe
c:\fall2015\9201_2015\lectures\week8\drawingacompositedshape\debug\example.pdb
c:\fall2016\btgd9201\lectures\week8\drawingacompositedshape\debug\example.ilk
c:\fall2016\btgd9201\lectures\week8\drawingacompositedshape\debug\example.exe
c:\fall2016\btgd9201\lectures\week8\drawingacompositedshape\debug\example.pdb
c:\teaching\fall2017\btgd201\week8\drawingacompositedshape\example\debug\directx.obj
c:\teaching\fall2017\btgd201\week8\drawingacompositedshape\example\debug\font.obj
c:\teaching\fall2017\btgd201\week8\drawingacompositedshape\example\debug\indexedprimitive.obj
c:\teaching\fall2017\btgd201\week8\drawingacompositedshape\example\debug\myproject.obj
c:\teaching\fall2017\btgd201\week8\drawingacompositedshape\example\debug\primitive.obj
c:\teaching\fall2017\btgd201\week8\drawingacompositedshape\example\debug\sprite.obj
c:\teaching\fall2017\btgd201\week8\drawingacompositedshape\example\debug\texturetype.obj
c:\teaching\fall2017\btgd201\week8\drawingacompositedshape\example\debug\timer.obj
c:\teaching\fall2017\btgd201\week8\drawingacompositedshape\example\debug\vc120.idb
c:\teaching\fall2017\btgd201\week8\drawingacompositedshape\example\debug\vc140.idb
c:\teaching\fall2017\btgd201\week8\drawingacompositedshape\example\debug\vc120.pdb
c:\teaching\fall2017\btgd201\week8\drawingacompositedshape\example\debug\vc140.pdb
c:\teaching\fall2017\btgd201\week8\drawingacompositedshape\debug\example.pdb
c:\teaching\fall2017\btgd201\week8\drawingacompositedshape\debug\example.exe
c:\teaching\fall2017\btgd201\week8\drawingacompositedshape\debug\example.ilk
c:\teaching\fall2017\btgd201\week8\drawingacompositedshape\example\debug\example.tlog\cl.command.1.tlog
c:\teaching\fall2017\btgd201\week8\drawingacompositedshape\example\debug\example.tlog\cl.read.1.tlog
c:\teaching\fall2017\btgd201\week8\drawingacompositedshape\example\debug\example.tlog\cl.write.1.tlog
c:\teaching\fall2017\btgd201\week8\drawingacompositedshape\example\debug\example.tlog\link.command.1.tlog
c:\teaching\fall2017\btgd201\week8\drawingacompositedshape\example\debug\example.tlog\link.read.1.tlog
c:\teaching\fall2017\btgd201\week8\drawingacompositedshape\example\debug\example.tlog\link.write.1.tlog
